<?xml version="1.0" encoding="UTF-8"?>
<testng-results skipped="0" failed="0" total="1" passed="1">
  <reporter-output>
  </reporter-output>
  <suite name="Default suite" duration-ms="41112" started-at="2015-09-09T12:44:53Z" finished-at="2015-09-09T12:45:34Z">
    <groups>
    </groups>
    <test name="Default test" duration-ms="41112" started-at="2015-09-09T12:44:53Z" finished-at="2015-09-09T12:45:34Z">
      <class name="requestsTesting.TestRequest">
        <test-method status="PASS" signature="testRequest()[pri:0, instance:requestsTesting.TestRequest@c8e4bb0]" name="testRequest" duration-ms="41083" started-at="2015-09-09T15:44:53Z" finished-at="2015-09-09T15:45:34Z">
          <reporter-output>
          </reporter-output>
        </test-method> <!-- testRequest -->
      </class> <!-- requestsTesting.TestRequest -->
    </test> <!-- Default test -->
  </suite> <!-- Default suite -->
</testng-results>
